C:\USERS\MATI\DOCUMENTS\VISUAL STUDIO 2010\PROJECTS\GAMEENGINE\DEBUG\GAMEENGINE.EXE
C:\USERS\MATI\DOCUMENTS\VISUAL STUDIO 2010\PROJECTS\GAMEENGINE\DEBUG\GAMEENGINE.ILK
C:\USERS\MATI\DOCUMENTS\VISUAL STUDIO 2010\PROJECTS\GAMEENGINE\DEBUG\GAMEENGINE.PDB
C:\USERS\MATI\DOCUMENTS\VISUAL STUDIO 2010\PROJECTS\GAMEENGINE\GAMEENGINE\DEBUG\BEHAVIOUR.OBJ
C:\USERS\MATI\DOCUMENTS\VISUAL STUDIO 2010\PROJECTS\GAMEENGINE\GAMEENGINE\DEBUG\BORDER.OBJ
C:\Users\Mati\Documents\Visual Studio 2010\Projects\GameEngine\GameEngine\Debug\cl.command.1.tlog
C:\Users\Mati\Documents\Visual Studio 2010\Projects\GameEngine\GameEngine\Debug\CL.read.1.tlog
C:\Users\Mati\Documents\Visual Studio 2010\Projects\GameEngine\GameEngine\Debug\CL.write.1.tlog
C:\USERS\MATI\DOCUMENTS\VISUAL STUDIO 2010\PROJECTS\GAMEENGINE\GAMEENGINE\DEBUG\COMPLEXEVENT.OBJ
C:\USERS\MATI\DOCUMENTS\VISUAL STUDIO 2010\PROJECTS\GAMEENGINE\GAMEENGINE\DEBUG\CONDITION.OBJ
C:\USERS\MATI\DOCUMENTS\VISUAL STUDIO 2010\PROJECTS\GAMEENGINE\GAMEENGINE\DEBUG\CONTROL.OBJ
C:\USERS\MATI\DOCUMENTS\VISUAL STUDIO 2010\PROJECTS\GAMEENGINE\GAMEENGINE\DEBUG\CONTROL_SET.OBJ
C:\USERS\MATI\DOCUMENTS\VISUAL STUDIO 2010\PROJECTS\GAMEENGINE\GAMEENGINE\DEBUG\DESTROYEVENT.OBJ
C:\USERS\MATI\DOCUMENTS\VISUAL STUDIO 2010\PROJECTS\GAMEENGINE\GAMEENGINE\DEBUG\ENTITY.OBJ
C:\USERS\MATI\DOCUMENTS\VISUAL STUDIO 2010\PROJECTS\GAMEENGINE\GAMEENGINE\DEBUG\EVENT.OBJ
C:\USERS\MATI\DOCUMENTS\VISUAL STUDIO 2010\PROJECTS\GAMEENGINE\GAMEENGINE\DEBUG\EXTERNALEVENT.OBJ
C:\USERS\MATI\DOCUMENTS\VISUAL STUDIO 2010\PROJECTS\GAMEENGINE\GAMEENGINE\DEBUG\FIELD.OBJ
C:\USERS\MATI\DOCUMENTS\VISUAL STUDIO 2010\PROJECTS\GAMEENGINE\GAMEENGINE\DEBUG\GAMEENGINE.EXE.INTERMEDIATE.MANIFEST
C:\USERS\MATI\DOCUMENTS\VISUAL STUDIO 2010\PROJECTS\GAMEENGINE\GAMEENGINE\DEBUG\ITEM.OBJ
C:\USERS\MATI\DOCUMENTS\VISUAL STUDIO 2010\PROJECTS\GAMEENGINE\GAMEENGINE\DEBUG\LEVEL.OBJ
C:\Users\Mati\Documents\Visual Studio 2010\Projects\GameEngine\GameEngine\Debug\link.command.1.tlog
C:\Users\Mati\Documents\Visual Studio 2010\Projects\GameEngine\GameEngine\Debug\link.read.1.tlog
C:\Users\Mati\Documents\Visual Studio 2010\Projects\GameEngine\GameEngine\Debug\link.write.1.tlog
C:\USERS\MATI\DOCUMENTS\VISUAL STUDIO 2010\PROJECTS\GAMEENGINE\GAMEENGINE\DEBUG\MAIN.OBJ
C:\USERS\MATI\DOCUMENTS\VISUAL STUDIO 2010\PROJECTS\GAMEENGINE\GAMEENGINE\DEBUG\MONSTER.OBJ
C:\USERS\MATI\DOCUMENTS\VISUAL STUDIO 2010\PROJECTS\GAMEENGINE\GAMEENGINE\DEBUG\MOVEEVENT.OBJ
C:\Users\Mati\Documents\Visual Studio 2010\Projects\GameEngine\GameEngine\Debug\mt.command.1.tlog
C:\Users\Mati\Documents\Visual Studio 2010\Projects\GameEngine\GameEngine\Debug\mt.read.1.tlog
C:\Users\Mati\Documents\Visual Studio 2010\Projects\GameEngine\GameEngine\Debug\mt.write.1.tlog
C:\USERS\MATI\DOCUMENTS\VISUAL STUDIO 2010\PROJECTS\GAMEENGINE\GAMEENGINE\DEBUG\NEWFIELDEVENT.OBJ
C:\USERS\MATI\DOCUMENTS\VISUAL STUDIO 2010\PROJECTS\GAMEENGINE\GAMEENGINE\DEBUG\PARAMETERCHANGEEVENT.OBJ
C:\USERS\MATI\DOCUMENTS\VISUAL STUDIO 2010\PROJECTS\GAMEENGINE\GAMEENGINE\DEBUG\PLAYER.OBJ
C:\USERS\MATI\DOCUMENTS\VISUAL STUDIO 2010\PROJECTS\GAMEENGINE\GAMEENGINE\DEBUG\POINT.OBJ
C:\Users\Mati\Documents\Visual Studio 2010\Projects\GameEngine\GameEngine\Debug\vc100.idb
C:\USERS\MATI\DOCUMENTS\VISUAL STUDIO 2010\PROJECTS\GAMEENGINE\GAMEENGINE\DEBUG\VC100.PDB
